<?xml version="1.0" encoding="UTF-8"?>
<testsuite name="ru.otus.bank.service.impl.PaymentProcessorImplTest" tests="1" skipped="0" failures="0" errors="0" timestamp="2024-03-25T19:27:29" hostname="DESKTOP-V8KI9MB" time="1.797">
  <properties/>
  <testcase name="testTransfer()" classname="ru.otus.bank.service.impl.PaymentProcessorImplTest" time="1.797"/>
  <system-out><![CDATA[]]></system-out>
  <system-err><![CDATA[]]></system-err>
</testsuite>
