<?xml version="1.0" encoding="UTF-8"?>
<testsuite name="ru.otus.bank.service.impl.PaymentProcessorImplWithSpyTest" tests="1" skipped="0" failures="0" errors="0" timestamp="2024-03-31T19:41:49" hostname="DESKTOP-V8KI9MB" time="0.057">
  <properties/>
  <testcase name="testTransfer()" classname="ru.otus.bank.service.impl.PaymentProcessorImplWithSpyTest" time="0.057"/>
  <system-out><![CDATA[]]></system-out>
  <system-err><![CDATA[]]></system-err>
</testsuite>
