<?xml version="1.0" encoding="UTF-8"?>
<testsuite name="ru.otus.bank.service.impl.AccountServiceImplParametrizedTest" tests="8" skipped="0" failures="0" errors="0" timestamp="2024-03-31T19:41:46" hostname="DESKTOP-V8KI9MB" time="1.988">
  <properties/>
  <testcase name="[1] 100, 10, true" classname="ru.otus.bank.service.impl.AccountServiceImplParametrizedTest" time="1.795"/>
  <testcase name="[2] 10, 100, false" classname="ru.otus.bank.service.impl.AccountServiceImplParametrizedTest" time="0.011"/>
  <testcase name="[3] 100, 0, false" classname="ru.otus.bank.service.impl.AccountServiceImplParametrizedTest" time="0.01"/>
  <testcase name="[4] 100, -1, false" classname="ru.otus.bank.service.impl.AccountServiceImplParametrizedTest" time="0.009"/>
  <testcase name="[1] 100, 10, true" classname="ru.otus.bank.service.impl.AccountServiceImplParametrizedTest" time="0.01"/>
  <testcase name="[2] 10, 100, false" classname="ru.otus.bank.service.impl.AccountServiceImplParametrizedTest" time="0.01"/>
  <testcase name="[3] 10, 0, false" classname="ru.otus.bank.service.impl.AccountServiceImplParametrizedTest" time="0.008"/>
  <testcase name="[4] 10, -1, false" classname="ru.otus.bank.service.impl.AccountServiceImplParametrizedTest" time="0.008"/>
  <system-out><![CDATA[]]></system-out>
  <system-err><![CDATA[]]></system-err>
</testsuite>
